make all --print-data-base --no-builtin-variables --no-builtin-rules --question
make: *** No rule to make target 'all'.  Stop.

# GNU Make 4.3
# Built for x86_64-pc-linux-gnu
# Copyright (C) 1988-2020 Free Software Foundation, Inc.
# License GPLv3+: GNU GPL version 3 or later <http://gnu.org/licenses/gpl.html>
# This is free software: you are free to change and redistribute it.
# There is NO WARRANTY, to the extent permitted by law.

# Make data base, printed on Sat May  7 08:50:48 2022

# Variables

# environment
PROVIDE_FULLSTACK_ACTION = true
# environment
JAVA_HOME = /usr/local/java/jdk-17.0.1
# environment
GDK_BACKEND = x11
# environment
LC_ALL = C
# makefile (from 'Makefile', line 1)
SRC = $(shell find . -type f -name '*.go' ! -name '*_test.go' )
# environment
GNOME_SHELL_SESSION_MODE = ubuntu
# environment
SSH_AGENT_LAUNCHER = gnome-keyring
# environment
SNAP_INSTANCE_KEY = 
# environment
GJS_DEBUG_OUTPUT = stderr
# environment
UUID = 054ea912-c442-4f7a-9244-d3f8326d4edd
# environment
KAFKA_HOME = /opt/kafka/kafka-2.8.1
# environment
VSCODE_IPC_HOOK_EXTHOST = /run/user/1000/vscode-ipc-cf497bfa-d11d-4991-b3d0-9eb8a33949b2.sock
# environment
VSCODE_CWD = /home/taosupr
# default
MAKE_COMMAND := make
# environment
THREE_SCALE_USER_TOKEN = 207c527cfc2a6b8dcf4fa43ad7a976da
# environment
QT_ACCESSIBILITY = 1
# environment
GOPATH = /home/taosupr/goProject
# automatic
@D = $(patsubst %/,%,$(dir $@))
# environment
SNAP_INSTANCE_NAME = code
# environment
GDK_PIXBUF_MODULEDIR = /snap/code/95/usr/lib/x86_64-linux-gnu/gdk-pixbuf-2.0/2.10.0/loaders
# environment
VSCODE_HANDLES_UNCAUGHT_ERRORS = true
# default
.VARIABLES := 
# environment
PWD = /home/taosupr/Programs/project788067-124510
# automatic
%D = $(patsubst %/,%,$(dir $%))
# environment
XDG_DATA_DIRS = /usr/share/ubuntu:/usr/local/share/:/usr/share/:/var/lib/snapd/desktop
# automatic
^D = $(patsubst %/,%,$(dir $^))
# environment
VSCODE_LOG_STACK = false
# automatic
%F = $(notdir $%)
# environment
VSCODE_CODE_CACHE_PATH = /home/taosupr/.config/Code/CachedData/57fd6d0195bb9b9d1b49f6da5db789060795de47
# environment
LANG = C
# environment
XAUTHORITY = /run/user/1000/.mutter-Xwaylandauth.IFPTL1
# default
.LOADED := 
# default
.INCLUDE_DIRS = /usr/local/include /usr/include /usr/include
# makefile
MAKEFLAGS = pqrR
# makefile
CURDIR := /home/taosupr/Programs/project788067-124510
# environment
VSCODE_PIPE_LOGGING = true
# environment
UTM_SOURCE = vscode
# environment
APPLICATION_INSIGHTS_NO_DIAGNOSTIC_CHANNEL = true
# environment
LESSOPEN = | /usr/bin/lesspipe %s
# automatic
*D = $(patsubst %/,%,$(dir $*))
# environment
MFLAGS = -pqrR
# environment
SSH_AUTH_SOCK = /run/user/1000/keyring/ssh
# default
.SHELLFLAGS := -c
# environment
WAYLAND_DISPLAY = wayland-0
# environment
XDG_CONFIG_DIRS = /etc/xdg/xdg-ubuntu:/etc/xdg
# automatic
+D = $(patsubst %/,%,$(dir $+))
# makefile (from 'Makefile', line 2)
ebpfProgramBase64 = $(shell base64 -w 0 ctrace/bpf/ctrace.bpf.c)
# environment
XDG_SESSION_DESKTOP = ubuntu
# makefile (from 'Makefile', line 1)
MAKEFILE_LIST := Makefile
# environment
CONDA_SHLVL = 0
# environment
SNAP_REEXEC = 
# automatic
@F = $(notdir $@)
# environment
VSCODE_VERBOSE_LOGGING = true
# environment
VSCODE_PID = 3142
# environment
XDG_SESSION_TYPE = wayland
# automatic
?D = $(patsubst %/,%,$(dir $?))
# makefile (from 'Makefile', line 34)
goreleaserFlags = --skip-publish --snapshot
# environment
BAMF_DESKTOP_FILE_HINT = /var/lib/snapd/desktop/applications/code_code.desktop
# environment
CONDA_PYTHON_EXE = /home/taosupr/anaconda3/bin/python
# environment
SESSION_MANAGER = local/ubuntu:@/tmp/.ICE-unix/2055,unix/ubuntu:/tmp/.ICE-unix/2055
# automatic
*F = $(notdir $*)
# environment
CHROME_DESKTOP = code-url-handler.desktop
# environment
DBUS_SESSION_BUS_ADDRESS = unix:path=/run/user/1000/bus
# automatic
<D = $(patsubst %/,%,$(dir $<))
# environment
HADOOP_HOME = /opt/hadoop
# environment
VSCODE_NLS_CONFIG = {"locale":"en-us","availableLanguages":{},"_languagePackSupport":true}
# default
MAKE_HOST := x86_64-pc-linux-gnu
# environment
GNOME_DESKTOP_SESSION_ID = this-is-deprecated
# makefile
SHELL = /bin/sh
# environment
CLASSPATH = /usr/local/java/jdk-17.0.1/lib:/usr/local/java/jdk-17.0.1/jre/lib:/usr/local/java/jdk-17.0.1/lib:/usr/local/java/jdk-17.0.1/jre/lib:
# default
MAKECMDGOALS := all
# environment
XMODIFIERS = @im=ibus
# environment
GJS_DEBUG_TOPICS = JS ERROR;JS LOG
# environment
SHLVL = 0
# environment
MAKELEVEL := 0
# environment
IM_CONFIG_CHECK_ENV = 1
# default
MAKE = $(MAKE_COMMAND)
# environment
SNAP_COOKIE = wr-4YEU-GM7TnfMTGQueuLsEMTMZfu7HghQt0NnEs6SxjT0NQHRz
# environment
PATH = /usr/local/go/bin:/home/taosupr/.local/bin:/home/taosupr/anaconda3/condabin:/home/taosupr/goProject/bin:/opt/kafka/kafka-2.8.1/bin:/opt/zookeeper/zookeeper-3.6.3/bin:/opt/hadoop/sbin:/opt/hadoop/bin:/usr/local/java/jdk-17.0.1/bin:/usr/local/java/jdk-17.0.1/jre/bin:/home/taosupr/.local/bin:/home/taosupr/goProject/bin:/opt/kafka/kafka-2.8.1/bin:/opt/zookeeper/zookeeper-3.6.3/bin:/opt/hadoop/sbin:/opt/hadoop/bin:/usr/local/java/jdk-17.0.1/bin:/usr/local/java/jdk-17.0.1/jre/bin:/usr/local/sbin:/usr/local/bin:/usr/sbin:/usr/bin:/sbin:/bin:/usr/games:/usr/local/games:/snap/bin:/snap/bin
# default
MAKEFILES := 
# automatic
^F = $(notdir $^)
# environment
SNAP_USER_COMMON = /home/taosupr/snap/code/common
# environment
SNAP = /snap/code/95
# environment
GOROOT = /usr/local/go
# environment
INVOCATION_ID = b0825fe0167e4b849bb00d6ef7ca8c3e
# environment
SNAP_REVISION = 95
# environment
SNAP_REAL_HOME = /home/taosupr
# environment
VSCODE_LOG_NATIVE = false
# environment
USERNAME = taosupr
# environment
GNOME_SETUP_DISPLAY = :1
# environment
RECOMMENDER_API_URL = https://gw.api.openshift.io//api/v2
# environment
LESSCLOSE = /usr/bin/lesspipe %s %s
# automatic
?F = $(notdir $?)
# environment
ZOOKEEPER_HOME = /opt/zookeeper/zookeeper-3.6.3
# environment
XDG_CURRENT_DESKTOP = Unity
# environment
LS_COLORS = 
# automatic
+F = $(notdir $+)
# environment
DESKTOP_SESSION = ubuntu
# environment
ORIGINAL_XDG_CURRENT_DESKTOP = ubuntu:GNOME
# 'override' directive
GNUMAKEFLAGS := 
# environment
LOGNAME = taosupr
# environment
GIO_LAUNCHED_DESKTOP_FILE = /var/lib/snapd/desktop/applications/code_code.desktop
# environment
SNAP_ARCH = amd64
# makefile
.DEFAULT_GOAL := build
# environment
SYSTEMD_EXEC_PID = 2082
# environment
DISPLAY = :0
# environment
USER = taosupr
# environment
GTK_MODULES = gail:atk-bridge
# default
MAKE_VERSION := 4.3
# makefile (from 'Makefile', line 27)
imageName = ctrace
# 'override' directive
.SHELLSTATUS := 0
# environment
DISABLE_WAYLAND = 1
# environment
SNAP_DATA = /var/snap/code/95
# environment
SNAP_CONTEXT = wr-4YEU-GM7TnfMTGQueuLsEMTMZfu7HghQt0NnEs6SxjT0NQHRz
# environment
MANAGERPID = 1961
# environment
GIO_LAUNCHED_DESKTOP_FILE_PID = 3095
# environment
_ = /snap/code/95/usr/share/code/code
# environment
XDG_RUNTIME_DIR = /run/user/1000
# environment
GDK_PIXBUF_MODULE_FILE = /home/taosupr/snap/code/common/.cache/gdk-pixbuf-loaders.cache
# environment
_CE_M = 
# environment
JOURNAL_STREAM = 8:54505
# environment
GOMODCACHE = /home/taosupr/goProject/pkg/mod
# environment
GOLANG_EXECUTABLE = go
# environment
XDG_SESSION_CLASS = user
# environment
VSCODE_AMD_ENTRYPOINT = vs/workbench/api/node/extensionHostProcess
# environment
HOME = /home/taosupr
# environment
QT_IM_MODULE = ibus
# environment
ELECTRON_RUN_AS_NODE = 1
# environment
VSCODE_IPC_HOOK = /run/user/1000/vscode-8f547f26-1.67.0-main.sock
# environment
SNAP_NAME = code
# environment
GSETTINGS_SCHEMA_DIR = /snap/code/95/usr/share/glib-2.0/schemas
# environment
IM_CONFIG_PHASE = 1
# environment
GOPROXY = https://goproxy.cn
# default
 
.RECIPEPREFIX := 
# automatic
<F = $(notdir $<)
# environment
SNAP_VERSION = 57fd6d01
# default
SUFFIXES := 
# environment
VSCODE_CLI = 1
# environment
TELEMETRY_ID = f9da3183-b6cd-4dc8-a98c-151852caaec5
# environment
ELECTRON_NO_ATTACH_CONSOLE = 1
# environment
SNAP_COMMON = /var/snap/code/common
# default
.FEATURES := target-specific order-only second-expansion else-if shortest-stem undefine oneshell nocomment grouped-target extra-prereqs archives jobserver output-sync check-symlink load
# environment
SNAP_USER_DATA = /home/taosupr/snap/code/95
# environment
XDG_MENU_PREFIX = gnome-
# environment
CONDA_EXE = /home/taosupr/anaconda3/bin/conda
# environment
_CE_CONDA = 
# environment
GDMSESSION = ubuntu
# environment
SNAP_LIBRARY_PATH = /var/lib/snapd/lib/gl:/var/lib/snapd/lib/gl32:/var/lib/snapd/void
# environment
JRE_HOME = /usr/local/java/jdk-17.0.1/jre
# variable set hash-table stats:
# Load=149/1024=15%, Rehash=0, Collisions=9/185=5%

# Pattern-specific Variable Values

# No pattern-specific variable values.

# Directories

# . (device 2051, inode 2892111): 16 files, no impossibilities.

# 16 files, no impossibilities in 1 directories.

# Implicit Rules

# No implicit rules.

# Files

# Not a target:
ctrace/consts.go:
#  Implicit rule search has not been done.
#  Modification time never checked.
#  File has not been updated.

tar/ctrace: command/common.go command/config.go command/trace.go main.go config/config.go ctrace/printer.go ctrace/argprinters.go ctrace/container.go ctrace/ctrace.go ctrace/consts.go ctrace/bpf/ctrace.bpf.c
#  Implicit rule search has not been done.
#  Modification time never checked.
#  File has not been updated.
#  recipe to execute (from 'Makefile', line 8):
	GOOS=linux go build -v -o tar/ctrace -ldflags "-X ctrace/ctrace.ebpfProgramBase64Injected=$(ebpfProgramBase64)"

# Not a target:
main.go:
#  Implicit rule search has not been done.
#  Modification time never checked.
#  File has not been updated.

# Not a target:
ctrace/container.go:
#  Implicit rule search has not been done.
#  Modification time never checked.
#  File has not been updated.

docker:
#  Phony target (prerequisite of .PHONY).
#  Implicit rule search has not been done.
#  File does not exist.
#  File has not been updated.
#  recipe to execute (from 'Makefile', line 30):
	docker build -t $(imageName) .

# Not a target:
ctrace/printer.go:
#  Implicit rule search has not been done.
#  Modification time never checked.
#  File has not been updated.

# Not a target:
ctrace/bpf/ctrace.bpf.c:
#  Implicit rule search has not been done.
#  Modification time never checked.
#  File has not been updated.

# Not a target:
Makefile:
#  Implicit rule search has been done.
#  Last modified 2022-05-03 09:27:01.12207588
#  File has been updated.
#  Successfully updated.

# Not a target:
command/trace.go:
#  Implicit rule search has not been done.
#  Modification time never checked.
#  File has not been updated.

clean:
#  Phony target (prerequisite of .PHONY).
#  Implicit rule search has not been done.
#  File does not exist.
#  File has not been updated.
#  recipe to execute (from 'Makefile', line 25):
	rm -rf tar || true

# Not a target:
.DEFAULT:
#  Implicit rule search has not been done.
#  Modification time never checked.
#  File has not been updated.

# Not a target:
all:
#  Command line target.
#  Implicit rule search has been done.
#  File does not exist.
#  File has not been updated.

build: tar/ctrace
#  Phony target (prerequisite of .PHONY).
#  Implicit rule search has not been done.
#  File does not exist.
#  File has not been updated.

test:
#  Phony target (prerequisite of .PHONY).
#  Implicit rule search has not been done.
#  File does not exist.
#  File has not been updated.
#  recipe to execute (from 'Makefile', line 21):
	go test -v ./...

# Not a target:
config/config.go:
#  Implicit rule search has not been done.
#  Modification time never checked.
#  File has not been updated.

# Not a target:
command/common.go:
#  Implicit rule search has not been done.
#  Modification time never checked.
#  File has not been updated.

# Not a target:
ctrace/ctrace.go:
#  Implicit rule search has not been done.
#  Modification time never checked.
#  File has not been updated.

# Not a target:
ctrace/argprinters.go:
#  Implicit rule search has not been done.
#  Modification time never checked.
#  File has not been updated.

release:
#  Phony target (prerequisite of .PHONY).
#  Implicit rule search has not been done.
#  File does not exist.
#  File has not been updated.
#  recipe to execute (from 'Makefile', line 39):
	EBPFPROGRAM_BASE64=$(ebpfProgramBase64) goreleaser release --rm-dist $(goreleaserFlags)

.PHONY: build build-docker test clean docker release
#  Implicit rule search has not been done.
#  Modification time never checked.
#  File has not been updated.

# Not a target:
command/config.go:
#  Implicit rule search has not been done.
#  Modification time never checked.
#  File has not been updated.

build-docker: clean
#  Phony target (prerequisite of .PHONY).
#  Implicit rule search has not been done.
#  File does not exist.
#  File has not been updated.
#  recipe to execute (from 'Makefile', line 12):
	img=$$(docker build --target builder -q  .) && \
	cnt=$$(docker create $$img) && \
	docker cp $$cnt:/ctrace/tar - | tar -xf - ; \
	docker rm $$cnt ; docker rmi $$img

# files hash-table stats:
# Load=23/1024=2%, Rehash=0, Collisions=3/64=5%
# VPATH Search Paths

# No 'vpath' search paths.

# No general ('VPATH' variable) search path.

# strcache buffers: 1 (0) / strings = 39 / storage = 420 B / avg = 10 B
# current buf: size = 8162 B / used = 420 B / count = 39 / avg = 10 B

# strcache performance: lookups = 70 / hit rate = 44%
# hash-table stats:
# Load=39/8192=0%, Rehash=0, Collisions=0/70=0%
# Finished Make data base on Sat May  7 08:50:48 2022

 
